<?xml version="1.0" encoding="UTF-8"?>
<testng-results ignored="0" total="6" passed="6" failed="0" skipped="0">
  <reporter-output>
  </reporter-output>
  <suite started-at="2025-01-09T19:47:59 IST" name="Default suite" finished-at="2025-01-09T19:49:18 IST" duration-ms="79444">
    <groups>
      <group name="cucumber">
        <method signature="AbstractTestNGCucumberTests.runScenario(io.cucumber.testng.PickleWrapper,io.cucumber.testng.FeatureWrapper)[pri:0, instance:TestRunner.RunnerTest@3c19aaa5]" name="runScenario" class="io.cucumber.testng.AbstractTestNGCucumberTests"/>
      </group> <!-- cucumber -->
    </groups>
    <test started-at="2025-01-09T19:47:59 IST" name="Default test" finished-at="2025-01-09T19:49:18 IST" duration-ms="79444">
      <class name="TestRunner.RunnerTest">
        <test-method is-config="true" signature="setUpClass(org.testng.ITestContext)[pri:0, instance:TestRunner.RunnerTest@3c19aaa5]" started-at="2025-01-09T19:47:59 IST" name="setUpClass" finished-at="2025-01-09T19:47:59 IST" duration-ms="757" status="PASS">
          <params>
            <param index="0">
              <value>
                <![CDATA[org.testng.TestRunner@2a6dbb7c]]>
              </value>
            </param>
          </params>
          <reporter-output>
          </reporter-output>
        </test-method> <!-- setUpClass -->
        <test-method signature="runScenario(io.cucumber.testng.PickleWrapper,io.cucumber.testng.FeatureWrapper)[pri:0, instance:TestRunner.RunnerTest@3c19aaa5]" started-at="2025-01-09T19:47:59 IST" name="runScenario" description="Runs Cucumber Scenarios" data-provider="scenarios" finished-at="2025-01-09T19:48:13 IST" duration-ms="13821" status="PASS">
          <params>
            <param index="0">
              <value>
                <![CDATA["validate login functionality"]]>
              </value>
            </param>
            <param index="1">
              <value>
                <![CDATA["Test Cogmento CRM Application"]]>
              </value>
            </param>
          </params>
          <reporter-output>
          </reporter-output>
        </test-method> <!-- runScenario -->
        <test-method signature="runScenario(io.cucumber.testng.PickleWrapper,io.cucumber.testng.FeatureWrapper)[pri:0, instance:TestRunner.RunnerTest@3c19aaa5]" started-at="2025-01-09T19:48:13 IST" name="runScenario" description="Runs Cucumber Scenarios" data-provider="scenarios" finished-at="2025-01-09T19:48:17 IST" duration-ms="3215" status="PASS">
          <params>
            <param index="0">
              <value>
                <![CDATA["validate home page functionality"]]>
              </value>
            </param>
            <param index="1">
              <value>
                <![CDATA["Test Cogmento CRM Application"]]>
              </value>
            </param>
          </params>
          <reporter-output>
          </reporter-output>
        </test-method> <!-- runScenario -->
        <test-method signature="runScenario(io.cucumber.testng.PickleWrapper,io.cucumber.testng.FeatureWrapper)[pri:0, instance:TestRunner.RunnerTest@3c19aaa5]" started-at="2025-01-09T19:48:17 IST" name="runScenario" description="Runs Cucumber Scenarios" data-provider="scenarios" finished-at="2025-01-09T19:48:32 IST" duration-ms="14895" status="PASS">
          <params>
            <param index="0">
              <value>
                <![CDATA["validate contact page functionality"]]>
              </value>
            </param>
            <param index="1">
              <value>
                <![CDATA["Test Cogmento CRM Application"]]>
              </value>
            </param>
          </params>
          <reporter-output>
          </reporter-output>
        </test-method> <!-- runScenario -->
        <test-method signature="runScenario(io.cucumber.testng.PickleWrapper,io.cucumber.testng.FeatureWrapper)[pri:0, instance:TestRunner.RunnerTest@3c19aaa5]" started-at="2025-01-09T19:48:32 IST" name="runScenario" description="Runs Cucumber Scenarios" data-provider="scenarios" finished-at="2025-01-09T19:48:44 IST" duration-ms="12505" status="PASS">
          <params>
            <param index="0">
              <value>
                <![CDATA["validate contact page functionality"]]>
              </value>
            </param>
            <param index="1">
              <value>
                <![CDATA["Test Cogmento CRM Application"]]>
              </value>
            </param>
          </params>
          <reporter-output>
          </reporter-output>
        </test-method> <!-- runScenario -->
        <test-method signature="runScenario(io.cucumber.testng.PickleWrapper,io.cucumber.testng.FeatureWrapper)[pri:0, instance:TestRunner.RunnerTest@3c19aaa5]" started-at="2025-01-09T19:48:44 IST" name="runScenario" description="Runs Cucumber Scenarios" data-provider="scenarios" finished-at="2025-01-09T19:48:56 IST" duration-ms="11931" status="PASS">
          <params>
            <param index="0">
              <value>
                <![CDATA["validate contact page functionality"]]>
              </value>
            </param>
            <param index="1">
              <value>
                <![CDATA["Test Cogmento CRM Application"]]>
              </value>
            </param>
          </params>
          <reporter-output>
          </reporter-output>
        </test-method> <!-- runScenario -->
        <test-method signature="runScenario(io.cucumber.testng.PickleWrapper,io.cucumber.testng.FeatureWrapper)[pri:0, instance:TestRunner.RunnerTest@3c19aaa5]" started-at="2025-01-09T19:48:56 IST" name="runScenario" description="Runs Cucumber Scenarios" data-provider="scenarios" finished-at="2025-01-09T19:49:08 IST" duration-ms="12099" status="PASS">
          <params>
            <param index="0">
              <value>
                <![CDATA["validate contact page functionality"]]>
              </value>
            </param>
            <param index="1">
              <value>
                <![CDATA["Test Cogmento CRM Application"]]>
              </value>
            </param>
          </params>
          <reporter-output>
          </reporter-output>
        </test-method> <!-- runScenario -->
        <test-method is-config="true" signature="tearDownClass()[pri:0, instance:TestRunner.RunnerTest@3c19aaa5]" started-at="2025-01-09T19:49:08 IST" name="tearDownClass" finished-at="2025-01-09T19:49:18 IST" duration-ms="10000" status="PASS">
          <reporter-output>
          </reporter-output>
        </test-method> <!-- tearDownClass -->
      </class> <!-- TestRunner.RunnerTest -->
    </test> <!-- Default test -->
  </suite> <!-- Default suite -->
</testng-results>
